Gazebo multi-robot simulator, version 11.10.2
Copyright (C) 2012 Open Source Robotics Foundation.
Released under the Apache 2 License.
http://gazebosim.org


(1782380480 824245230) [Msg] Waiting for master.
(1782380480 833871641) [Msg] Connected to gazebo master @ http://127.0.0.1:11345
(1782380480 833897344) [Msg] Publicized address: 192.168.208.132
(1782380481 270522436) [Msg] Loading world file [/usr/share/gazebo-11/worlds/empty.world]
(1782380481 678771784) Init world[default]
(1782380493 582420104) [Err] [Plugin.hh:212] Failed to load plugin libgazebo_motor_model.so: libgazebo_motor_model.so: cannot open shared object file: No such file or directory
(1782380493 583619453) [Err] [Plugin.hh:212] Failed to load plugin libgazebo_motor_model.so: libgazebo_motor_model.so: cannot open shared object file: No such file or directory
(1782380493 585400983) [Err] [Plugin.hh:212] Failed to load plugin libgazebo_motor_model.so: libgazebo_motor_model.so: cannot open shared object file: No such file or directory
(1782380493 585612332) [Err] [Plugin.hh:212] Failed to load plugin libgazebo_motor_model.so: libgazebo_motor_model.so: cannot open shared object file: No such file or directory
(1782380493 586599423) [Err] [Plugin.hh:212] Failed to load plugin libgazebo_mavlink_interface.so: libgazebo_mavlink_interface.so: cannot open shared object file: No such file or directory
(1782380493 591995022) [Err] [Plugin.hh:212] Failed to load plugin libgazebo_imu_plugin.so: libgazebo_imu_plugin.so: cannot open shared object file: No such file or directory
(1782380506 362073992) [Err] [Plugin.hh:212] Failed to load plugin libgazebo_motor_model.so: libgazebo_motor_model.so: cannot open shared object file: No such file or directory
(1782380506 362433376) [Err] [Plugin.hh:212] Failed to load plugin libgazebo_motor_model.so: libgazebo_motor_model.so: cannot open shared object file: No such file or directory
(1782380506 362577294) [Err] [Plugin.hh:212] Failed to load plugin libgazebo_motor_model.so: libgazebo_motor_model.so: cannot open shared object file: No such file or directory
(1782380506 362694256) [Err] [Plugin.hh:212] Failed to load plugin libgazebo_motor_model.so: libgazebo_motor_model.so: cannot open shared object file: No such file or directory
(1782380506 362793127) [Err] [Plugin.hh:212] Failed to load plugin libgazebo_mavlink_interface.so: libgazebo_mavlink_interface.so: cannot open shared object file: No such file or directory
(1782380506 362882183) [Err] [Plugin.hh:212] Failed to load plugin libgazebo_imu_plugin.so: libgazebo_imu_plugin.so: cannot open shared object file: No such file or directory
